<?xml version="1.0" encoding="UTF-8"?>
<!-- Generated by org.testng.reporters.JUnitReportReporter -->
<testsuite skipped="0" hostname="DESKTOP-7L6771B" name="stepDefinitions.LoginPageTest" tests="3" failures="0" timestamp="2020-05-18T15:56:53 IST" time="0.073" errors="0">
  <testcase name="loginTest" time="0.025" classname="stepDefinitions.LoginPageTest"/>
  <system-out/>
  <testcase name="loginTest" time="0.018" classname="stepDefinitions.LoginPageTest"/>
  <system-out/>
  <testcase name="loginTest" time="0.030" classname="stepDefinitions.LoginPageTest"/>
  <system-out/>
</testsuite> <!-- stepDefinitions.LoginPageTest -->
