<?xml version="1.0" encoding="UTF-8"?>
<!-- Generated by org.testng.reporters.JUnitReportReporter -->
<testsuite skipped="0" hostname="DESKTOP-7L6771B" name="stepDefinitions.LoginPageTest" tests="3" failures="0" timestamp="2020-06-01T12:46:14 IST" time="0.029" errors="0">
  <testcase name="loginTest" time="0.004" classname="stepDefinitions.LoginPageTest"/>
  <system-out/>
  <testcase name="loginTest" time="0.003" classname="stepDefinitions.LoginPageTest"/>
  <system-out/>
  <testcase name="loginTest" time="0.022" classname="stepDefinitions.LoginPageTest"/>
  <system-out/>
</testsuite> <!-- stepDefinitions.LoginPageTest -->
